<?xml version="1.0" encoding="UTF-8"?>
<!-- Generated by org.testng.reporters.JUnitReportReporter -->
<testsuite hostname="LIN25003818" failures="0" tests="1" name="TestRunner.testRunner" time="0.000" errors="0" timestamp="06 May 2021 13:57:44 GMT" skipped="1">
  <testcase classname="TestRunner.testRunner" name="feature" time="0.000">
    <skipped/>
  </testcase> <!-- feature -->
</testsuite> <!-- TestRunner.testRunner -->
